<?xml version="1.0" encoding="UTF-8"?>
<!-- Generated by org.testng.reporters.JUnitXMLReporter -->
<testsuite ignored="0" hostname="ojas-dd510" failures="0" tests="14" name="Default test" time="72.581" errors="0" timestamp="2024-02-13T12:04:13 IST">
  <testcase classname="com.securisk.testcases.IntermediaryAddProductTest" name="addProduct" time="18.547"/>
  <testcase classname="com.securisk.testcases.IntermediaryAddProductTest" name="addProductWithInvalid" time="3.799"/>
  <testcase classname="com.securisk.testcases.IntemediaryAddCoverageTest" name="addCoverage" time="10.688"/>
  <testcase classname="com.securisk.testcases.IntemediaryAddCoverageTest" name="addCoverageWithInvalidata" time="2.404"/>
  <testcase classname="com.securisk.testcases.IntermediaryEditProductTest" name="editProduct" time="3.919"/>
  <testcase classname="com.securisk.testcases.IntermediaryDeleteProductTest" name="deleteProduct" time="2.179"/>
  <testcase classname="com.securisk.testcases.IntermediaryCreateTpaTest" name="createTpa" time="6.647"/>
  <testcase classname="com.securisk.testcases.IntermediaryEditTpa" name="editTpa" time="3.704"/>
  <testcase classname="com.securisk.testcases.IntermediaryDeleteTpaTest" name="DeleteTpa" time="2.357"/>
  <testcase classname="com.securisk.testcases.IntermediaryCreateInsurerTest" name="createInsurer" time="4.186"/>
  <testcase classname="com.securisk.testcases.IntermediaryCreateInsurerTest" name="addUser" time="4.349"/>
  <testcase classname="com.securisk.testcases.IntermediaryCreateInsurerTest" name="editUser" time="4.597"/>
  <testcase classname="com.securisk.testcases.IntermediaryCreateInsurerTest" name="deleteUser" time="2.784"/>
  <testcase classname="com.securisk.testcases.IntermediaryCreateInsurerTest" name="deleteInsurer" time="2.384"/>
</testsuite> <!-- Default test -->
