<?xml version="1.0" encoding="UTF-8"?>
<!-- Generated by org.testng.reporters.JUnitXMLReporter -->
<testsuite ignored="0" hostname="ojas-dd510" failures="0" tests="3" name="Test1" time="12.525" errors="0" timestamp="2024-02-07T15:57:32 IST">
  <testcase classname="com.securisk.testcases.IntermediaryCreateTpaTest" name="createTpa" time="6.863"/>
  <testcase classname="com.securisk.testcases.IntermediaryEditTpa" name="editTpa" time="3.261"/>
  <testcase classname="com.securisk.testcases.IntermediaryDeleteTpa" name="DeleteTpa" time="2.395"/>
</testsuite> <!-- Test1 -->
