<?xml version="1.0" encoding="UTF-8"?>
<!-- Generated by org.testng.reporters.JUnitXMLReporter -->
<testsuite ignored="0" hostname="ojas-dd510" failures="0" tests="6" name="Test" time="65.204" errors="0" timestamp="2024-02-07T15:57:20 IST">
  <testcase classname="com.securisk.testcases.IntermediaryAddProductTest" name="addProduct" time="20.117"/>
  <testcase classname="com.securisk.testcases.IntermediaryAddProductTest" name="addProductWithInvalid" time="7.029"/>
  <testcase classname="com.securisk.testcases.IntemediaryAddCoverageTest" name="addCoverage" time="13.876"/>
  <testcase classname="com.securisk.testcases.IntemediaryAddCoverageTest" name="addCoverageWithInvalidata" time="2.351"/>
  <testcase classname="com.securisk.testcases.IntermediaryEditProductTest" name="editProduct" time="12.122"/>
  <testcase classname="com.securisk.testcases.IntermediaryDeleteProductTest" name="deleteProduct" time="9.677"/>
</testsuite> <!-- Test -->
