<?xml version="1.0" encoding="UTF-8"?>
<!-- Generated by org.testng.reporters.JUnitXMLReporter -->
<testsuite ignored="0" hostname="ojas-dd510" failures="0" tests="9" name="Test" time="76.143" errors="0" timestamp="2024-02-08T10:36:42 IST">
  <testcase classname="com.securisk.testcases.IntermediaryAddProductTest" name="addProduct" time="19.534"/>
  <testcase classname="com.securisk.testcases.IntermediaryAddProductTest" name="addProductWithInvalid" time="7.681"/>
  <testcase classname="com.securisk.testcases.IntemediaryAddCoverageTest" name="addCoverage" time="12.953"/>
  <testcase classname="com.securisk.testcases.IntemediaryAddCoverageTest" name="addCoverageWithInvalidata" time="2.466"/>
  <testcase classname="com.securisk.testcases.IntermediaryEditProductTest" name="editProduct" time="10.848"/>
  <testcase classname="com.securisk.testcases.IntermediaryDeleteProductTest" name="deleteProduct" time="9.989"/>
  <testcase classname="com.securisk.testcases.IntermediaryCreateTpaTest" name="createTpa" time="6.346"/>
  <testcase classname="com.securisk.testcases.IntermediaryEditTpa" name="editTpa" time="3.879"/>
  <testcase classname="com.securisk.testcases.IntermediaryDeleteTpa" name="DeleteTpa" time="2.385"/>
</testsuite> <!-- Test -->
