<?xml version="1.0" encoding="UTF-8"?>
<testng-results ignored="0" total="2" passed="2" failed="0" skipped="0">
  <reporter-output>
  </reporter-output>
  <suite started-at="2024-02-09T12:13:41 IST" name="Default suite" finished-at="2024-02-09T12:14:00 IST" duration-ms="19036">
    <groups>
    </groups>
    <test started-at="2024-02-09T12:13:41 IST" name="Default test" finished-at="2024-02-09T12:14:00 IST" duration-ms="19036">
      <class name="com.securisk.testcases.IntermediaryCreateInsurerTest">
        <test-method is-config="true" signature="setup()[pri:0, instance:com.securisk.testcases.IntermediaryCreateInsurerTest@2e6a8155]" started-at="2024-02-09T12:13:34 IST" name="setup" finished-at="2024-02-09T12:13:41 IST" duration-ms="7095" status="PASS">
          <reporter-output>
          </reporter-output>
        </test-method> <!-- setup -->
        <test-method signature="createInsurer()[pri:2, instance:com.securisk.testcases.IntermediaryCreateInsurerTest@2e6a8155]" started-at="2024-02-09T12:13:41 IST" name="createInsurer" finished-at="2024-02-09T12:13:58 IST" duration-ms="16617" status="PASS">
          <reporter-output>
          </reporter-output>
        </test-method> <!-- createInsurer -->
        <test-method signature="editUser()[pri:3, instance:com.securisk.testcases.IntermediaryCreateInsurerTest@2e6a8155]" started-at="2024-02-09T12:13:58 IST" name="editUser" finished-at="2024-02-09T12:14:00 IST" duration-ms="2400" status="PASS">
          <reporter-output>
          </reporter-output>
        </test-method> <!-- editUser -->
        <test-method is-config="true" signature="teardown()[pri:0, instance:com.securisk.testcases.IntermediaryCreateInsurerTest@2e6a8155]" started-at="2024-02-09T12:14:00 IST" name="teardown" finished-at="2024-02-09T12:14:00 IST" duration-ms="171" status="PASS">
          <reporter-output>
          </reporter-output>
        </test-method> <!-- teardown -->
      </class> <!-- com.securisk.testcases.IntermediaryCreateInsurerTest -->
    </test> <!-- Default test -->
  </suite> <!-- Default suite -->
</testng-results>
